%df\{2016-01-02 15:04:05\} [ERROR] fiplog_test.go:16 - error message
%df\{2016-01-02 15:04:05\} [INFO] fiplog_test.go:17 - info message
%df\{2016-01-02 15:04:05\} [WARNING] fiplog_test.go:18 - warning message
%df\{2016-01-02 15:04:05\} [ERROR] fiplog_test.go:19 - this is the 2 message
3126-12-03 16:21:11 [ERROR] fiplog_test.go:16 - error message
3126-12-03 16:21:11 [INFO] fiplog_test.go:17 - info message
3126-12-03 16:21:11 [WARNING] fiplog_test.go:18 - warning message
3126-12-03 16:21:11 [ERROR] fiplog_test.go:19 - this is the 2 message
2014-12-03 16:21:31 [ERROR] fiplog_test.go:16 - error message
2014-12-03 16:21:31 [INFO] fiplog_test.go:17 - info message
2014-12-03 16:21:31 [WARNING] fiplog_test.go:18 - warning message
2014-12-03 16:21:31 [ERROR] fiplog_test.go:19 - this is the 2 message
2014-12-03 16:24:02 [DEBUG] <fiplog_test.go:15> debug message
2014-12-03 16:24:02 [ERROR] <fiplog_test.go:16> error message
2014-12-03 16:24:02 [INFO] <fiplog_test.go:17> info message
2014-12-03 16:24:02 [WARNING] <fiplog_test.go:18> warning message
2014-12-03 16:24:02 [ERROR] <fiplog_test.go:19> this is the 2 message
2015-01-29 22:13:01 [DEBUG] <fiplog_test.go:15> debug message
2015-01-29 22:13:01 [ERROR] <fiplog_test.go:16> error message
2015-01-29 22:13:01 [INFO] <fiplog_test.go:17> info message
2015-01-29 22:13:01 [WARNING] <fiplog_test.go:18> warning message
2015-01-29 22:13:01 [ERROR] <fiplog_test.go:19> this is the 2 message
2015-01-29 22:14:48 [DEBUG] <fiplog_test.go:15> debug message
2015-01-29 22:14:48 [ERROR] <fiplog_test.go:16> error message
2015-01-29 22:14:48 [INFO] <fiplog_test.go:17> info message
2015-01-29 22:14:48 [WARNING] <fiplog_test.go:18> warning message
2015-01-29 22:14:48 [ERROR] <fiplog_test.go:19> this is the 2 message
